<?xml version="1.0" encoding="UTF-8"?>
<!-- Generated by org.testng.reporters.JUnitReportReporter -->
<testsuite hostname="DESKTOP-41Q9M8D" failures="0" tests="2" name="AmazonPortal.GoogleSearchTest" time="11.579" errors="0" timestamp="2022-05-11T21:05:14 PDT" skipped="0">
  <testcase classname="AmazonPortal.GoogleSearchTest" name="searchAndSelectProduct" time="4.835"/>
  <system-out/>
  <testcase classname="AmazonPortal.GoogleSearchTest" name="amazonSearch" time="6.744"/>
  <system-out/>
</testsuite> <!-- AmazonPortal.GoogleSearchTest -->
